<?xml version="1.0" encoding="UTF-8"?>
<!-- Generated by org.testng.reporters.JUnitReportReporter -->
<testsuite skipped="0" hostname="apples-MacBook-Pro.local" name="com.zaarolbasic.testCases.SmokeSuite.TC_04_Customer" tests="1" failures="0" timestamp="05 Dec 2021 15:47:13 GMT" time="13.283" errors="0">
  <testcase name="TC_01_Clicking_on_CustomerPage_Working_Fine" time="13.283" classname="com.zaarolbasic.testCases.SmokeSuite.TC_04_Customer"/>
</testsuite> <!-- com.zaarolbasic.testCases.SmokeSuite.TC_04_Customer -->
