<?xml version="1.0" encoding="UTF-8"?>
<!-- Generated by org.testng.reporters.JUnitReportReporter -->
<testsuite skipped="0" hostname="apples-MacBook-Pro.local" name="com.zaarolbasic.testCases.SmokeSuite.TC_01_Dashboard" tests="1" failures="0" timestamp="05 Dec 2021 15:47:13 GMT" time="39.501" errors="0">
  <testcase name="TC_01_Clicking_on_dashboard_is_working_fine" time="39.501" classname="com.zaarolbasic.testCases.SmokeSuite.TC_01_Dashboard"/>
</testsuite> <!-- com.zaarolbasic.testCases.SmokeSuite.TC_01_Dashboard -->
