<?xml version="1.0" encoding="UTF-8"?>
<!-- Generated by org.testng.reporters.JUnitReportReporter -->
<testsuite skipped="0" hostname="apples-MacBook-Pro.local" name="com.zaarolbasic.testCases.TC_LoginTest_001" tests="1" failures="0" timestamp="17 Nov 2021 12:34:04 GMT" time="33.625" errors="0">
  <testcase name="loginTest" time="33.625" classname="com.zaarolbasic.testCases.TC_LoginTest_001"/>
</testsuite> <!-- com.zaarolbasic.testCases.TC_LoginTest_001 -->
